<?xml version="1.0" encoding="UTF-8"?>
<!-- Generated by org.testng.reporters.JUnitXMLReporter -->
<testsuite ignored="5" hostname="DESKTOP-N1NG7JA" failures="0" tests="1" name="Default test" time="0.128" errors="0" timestamp="2024-07-27T15:19:09 IST">
  <testcase classname="com.arraysprogs.AverageOfElement_4" name="m9" time="0.016"/>
  <testcase classname="com.arraysprogs.AverageOfElement_4" name="m2" time="0.0">
    <ignored/>
  </testcase> <!-- m2 -->
  <testcase classname="com.arraysprogs.AverageOfElement_4" name="m4" time="0.0">
    <ignored/>
  </testcase> <!-- m4 -->
  <testcase classname="com.arraysprogs.AverageOfElement_4" name="m1" time="0.0">
    <ignored/>
  </testcase> <!-- m1 -->
  <testcase classname="com.arraysprogs.AverageOfElement_4" name="m3" time="0.0">
    <ignored/>
  </testcase> <!-- m3 -->
  <testcase classname="com.arraysprogs.AverageOfElement_4" name="m5" time="0.0">
    <ignored/>
  </testcase> <!-- m5 -->
</testsuite> <!-- Default test -->
