<?xml version="1.0" encoding="UTF-8"?>
<testng-results ignored="0" total="1" passed="1" failed="0" skipped="0">
  <reporter-output>
  </reporter-output>
  <suite started-at="2024-07-27T15:19:09 IST" name="Default suite" finished-at="2024-07-27T15:19:09 IST" duration-ms="128">
    <groups>
    </groups>
    <test started-at="2024-07-27T15:19:09 IST" name="Default test" finished-at="2024-07-27T15:19:09 IST" duration-ms="128">
      <class name="com.arraysprogs.AverageOfElement_4">
        <test-method signature="m9()[pri:0, instance:com.arraysprogs.AverageOfElement_4@1a6d8329]" started-at="2024-07-27T15:19:09 IST" name="m9" finished-at="2024-07-27T15:19:09 IST" duration-ms="16" status="PASS">
          <reporter-output>
          </reporter-output>
        </test-method> <!-- m9 -->
      </class> <!-- com.arraysprogs.AverageOfElement_4 -->
    </test> <!-- Default test -->
  </suite> <!-- Default suite -->
</testng-results>
